# JRE version: OpenJDK Runtime Environment (8.0_181-b13) (build 1.8.0_181-8u181-b13-0ubuntu0.18.04.1-b13)
# Java VM: OpenJDK 64-Bit Server VM (25.181-b13 mixed mode linux-amd64 compressed oops)
Heap:
 PSYoungGen      total 204288K, used 166842K [0x00000000f0000000, 0x0000000100000000, 0x0000000100000000)
  eden space 165888K, 77% used [0x00000000f0000000,0x00000000f7d745c8,0x00000000fa200000)
  from space 38400K, 99% used [0x00000000fda80000,0x00000000ffffa590,0x0000000100000000)
  to   space 48128K, 0% used [0x00000000fa200000,0x00000000fa200000,0x00000000fd100000)
 ParOldGen       total 524288K, used 97260K [0x00000000d0000000, 0x00000000f0000000, 0x00000000f0000000)
  object space 524288K, 18% used [0x00000000d0000000,0x00000000d5efb2e0,0x00000000f0000000)
 Metaspace       used 70188K, capacity 74956K, committed 75096K, reserved 1114112K
  class space    used 9089K, capacity 10582K, committed 10584K, reserved 1048576K
GC Heap History (10 events):
Event: 38.952 GC heap before
{Heap before GC invocations=33 (full 3):
 PSYoungGen      total 225280K, used 212439K [0x00000000f0000000, 0x0000000100000000, 0x0000000100000000)
  eden space 188416K, 100% used [0x00000000f0000000,0x00000000fb800000,0x00000000fb800000)
  from space 36864K, 65% used [0x00000000fb800000,0x00000000fcf75ec8,0x00000000fdc00000)
  to   space 36864K, 0% used [0x00000000fdc00000,0x00000000fdc00000,0x0000000100000000)
 ParOldGen       total 524288K, used 92541K [0x00000000d0000000, 0x00000000f0000000, 0x00000000f0000000)
  object space 524288K, 17% used [0x00000000d0000000,0x00000000d5a5f4e8,0x00000000f0000000)
 Metaspace       used 67059K, capacity 70630K, committed 70872K, reserved 1110016K
  class space    used 8624K, capacity 9845K, committed 9944K, reserved 1048576K
Event: 39.008 GC heap after
Heap after GC invocations=33 (full 3):
 PSYoungGen      total 225280K, used 24979K [0x00000000f0000000, 0x0000000100000000, 0x0000000100000000)
  eden space 188416K, 0% used [0x00000000f0000000,0x00000000f0000000,0x00000000fb800000)
  from space 36864K, 67% used [0x00000000fdc00000,0x00000000ff464db0,0x0000000100000000)
  to   space 36864K, 0% used [0x00000000fb800000,0x00000000fb800000,0x00000000fdc00000)
 ParOldGen       total 524288K, used 92549K [0x00000000d0000000, 0x00000000f0000000, 0x00000000f0000000)
  object space 524288K, 17% used [0x00000000d0000000,0x00000000d5a614e8,0x00000000f0000000)
 Metaspace       used 67059K, capacity 70630K, committed 70872K, reserved 1110016K
  class space    used 8624K, capacity 9845K, committed 9944K, reserved 1048576K
}
Event: 42.248 GC heap before
{Heap before GC invocations=34 (full 3):
 PSYoungGen      total 225280K, used 213395K [0x00000000f0000000, 0x0000000100000000, 0x0000000100000000)
  eden space 188416K, 100% used [0x00000000f0000000,0x00000000fb800000,0x00000000fb800000)
  from space 36864K, 67% used [0x00000000fdc00000,0x00000000ff464db0,0x0000000100000000)
  to   space 36864K, 0% used [0x00000000fb800000,0x00000000fb800000,0x00000000fdc00000)
 ParOldGen       total 524288K, used 92549K [0x00000000d0000000, 0x00000000f0000000, 0x00000000f0000000)
  object space 524288K, 17% used [0x00000000d0000000,0x00000000d5a614e8,0x00000000f0000000)
 Metaspace       used 67442K, capacity 71226K, committed 71512K, reserved 1110016K
  class space    used 8704K, capacity 9985K, committed 10072K, reserved 1048576K
Event: 42.265 GC heap after
Heap after GC invocations=34 (full 3):
 PSYoungGen      total 214528K, used 25955K [0x00000000f0000000, 0x0000000100000000, 0x0000000100000000)
  eden space 188416K, 0% used [0x00000000f0000000,0x00000000f0000000,0x00000000fb800000)
  from space 26112K, 99% used [0x00000000fb800000,0x00000000fd158d80,0x00000000fd180000)
  to   space 37376K, 0% used [0x00000000fdb80000,0x00000000fdb80000,0x0000000100000000)
 ParOldGen       total 524288K, used 92557K [0x00000000d0000000, 0x00000000f0000000, 0x00000000f0000000)
  object space 524288K, 17% used [0x00000000d0000000,0x00000000d5a634e8,0x00000000f0000000)
 Metaspace       used 67442K, capacity 71226K, committed 71512K, reserved 1110016K
  class space    used 8704K, capacity 9985K, committed 10072K, reserved 1048576K
}
Event: 92.843 GC heap before
{Heap before GC invocations=35 (full 3):
 PSYoungGen      total 214528K, used 214371K [0x00000000f0000000, 0x0000000100000000, 0x0000000100000000)
  eden space 188416K, 100% used [0x00000000f0000000,0x00000000fb800000,0x00000000fb800000)
  from space 26112K, 99% used [0x00000000fb800000,0x00000000fd158d80,0x00000000fd180000)
  to   space 37376K, 0% used [0x00000000fdb80000,0x00000000fdb80000,0x0000000100000000)
 ParOldGen       total 524288K, used 92557K [0x00000000d0000000, 0x00000000f0000000, 0x00000000f0000000)
  object space 524288K, 17% used [0x00000000d0000000,0x00000000d5a634e8,0x00000000f0000000)
 Metaspace       used 67951K, capacity 72154K, committed 72408K, reserved 1112064K
  class space    used 8816K, capacity 10150K, committed 10200K, reserved 1048576K
Event: 92.855 GC heap after
Heap after GC invocations=35 (full 3):
 PSYoungGen      total 222720K, used 27139K [0x00000000f0000000, 0x0000000100000000, 0x0000000100000000)
  eden space 185344K, 0% used [0x00000000f0000000,0x00000000f0000000,0x00000000fb500000)
  from space 37376K, 72% used [0x00000000fdb80000,0x00000000ff600da0,0x0000000100000000)
  to   space 38400K, 0% used [0x00000000fb500000,0x00000000fb500000,0x00000000fda80000)
 ParOldGen       total 524288K, used 92565K [0x00000000d0000000, 0x00000000f0000000, 0x00000000f0000000)
  object space 524288K, 17% used [0x00000000d0000000,0x00000000d5a654e8,0x00000000f0000000)
 Metaspace       used 67951K, capacity 72154K, committed 72408K, reserved 1112064K
  class space    used 8816K, capacity 10150K, committed 10200K, reserved 1048576K
}
Event: 109.184 GC heap before
{Heap before GC invocations=36 (full 3):
 PSYoungGen      total 222720K, used 212483K [0x00000000f0000000, 0x0000000100000000, 0x0000000100000000)
  eden space 185344K, 100% used [0x00000000f0000000,0x00000000fb500000,0x00000000fb500000)
  from space 37376K, 72% used [0x00000000fdb80000,0x00000000ff600da0,0x0000000100000000)
  to   space 38400K, 0% used [0x00000000fb500000,0x00000000fb500000,0x00000000fda80000)
 ParOldGen       total 524288K, used 92565K [0x00000000d0000000, 0x00000000f0000000, 0x00000000f0000000)
  object space 524288K, 17% used [0x00000000d0000000,0x00000000d5a654e8,0x00000000f0000000)
 Metaspace       used 69431K, capacity 73834K, committed 73944K, reserved 1112064K
  class space    used 8979K, capacity 10384K, committed 10456K, reserved 1048576K
Event: 109.211 GC heap after
Heap after GC invocations=36 (full 3):
 PSYoungGen      total 223744K, used 38394K [0x00000000f0000000, 0x0000000100000000, 0x0000000100000000)
  eden space 185344K, 0% used [0x00000000f0000000,0x00000000f0000000,0x00000000fb500000)
  from space 38400K, 99% used [0x00000000fb500000,0x00000000fda7ea58,0x00000000fda80000)
  to   space 38400K, 0% used [0x00000000fda80000,0x00000000fda80000,0x0000000100000000)
 ParOldGen       total 524288K, used 93668K [0x00000000d0000000, 0x00000000f0000000, 0x00000000f0000000)
  object space 524288K, 17% used [0x00000000d0000000,0x00000000d5b792e0,0x00000000f0000000)
 Metaspace       used 69431K, capacity 73834K, committed 73944K, reserved 1112064K
  class space    used 8979K, capacity 10384K, committed 10456K, reserved 1048576K
}
Event: 238.459 GC heap before
{Heap before GC invocations=37 (full 3):
 PSYoungGen      total 223744K, used 223738K [0x00000000f0000000, 0x0000000100000000, 0x0000000100000000)
  eden space 185344K, 100% used [0x00000000f0000000,0x00000000fb500000,0x00000000fb500000)
  from space 38400K, 99% used [0x00000000fb500000,0x00000000fda7ea58,0x00000000fda80000)
  to   space 38400K, 0% used [0x00000000fda80000,0x00000000fda80000,0x0000000100000000)
 ParOldGen       total 524288K, used 93668K [0x00000000d0000000, 0x00000000f0000000, 0x00000000f0000000)
  object space 524288K, 17% used [0x00000000d0000000,0x00000000d5b792e0,0x00000000f0000000)
 Metaspace       used 69959K, capacity 74732K, committed 74840K, reserved 1114112K
  class space    used 9068K, capacity 10561K, committed 10584K, reserved 1048576K
Event: 238.512 GC heap after
Heap after GC invocations=37 (full 3):
 PSYoungGen      total 204288K, used 38377K [0x00000000f0000000, 0x0000000100000000, 0x0000000100000000)
  eden space 165888K, 0% used [0x00000000f0000000,0x00000000f0000000,0x00000000fa200000)
  from space 38400K, 99% used [0x00000000fda80000,0x00000000ffffa590,0x0000000100000000)
  to   space 48128K, 0% used [0x00000000fa200000,0x00000000fa200000,0x00000000fd100000)
 ParOldGen       total 524288K, used 97260K [0x00000000d0000000, 0x00000000f0000000, 0x00000000f0000000)
  object space 524288K, 18% used [0x00000000d0000000,0x00000000d5efb2e0,0x00000000f0000000)
 Metaspace       used 69959K, capacity 74732K, committed 74840K, reserved 1114112K
  class space    used 9068K, capacity 10561K, committed 10584K, reserved 1048576K
}

